<?xml version="1.0" encoding="UTF-8"?>
<testsuite xmlns:xsi="http://www.w3.org/2001/XMLSchema-instance" xsi:noNamespaceSchemaLocation="https://maven.apache.org/surefire/maven-surefire-plugin/xsd/surefire-test-report-3.0.xsd" version="3.0" name="com.EnglishCourse.DAO.AlunosDAOTest" time="2.724" tests="4" errors="0" skipped="0" failures="0">
  <properties>
[...]
</properties>
  <testcase name="existsByCpfCase1" classname="com.EnglishCourse.DAO.AlunosDAOTest" time="0.247">
    <system-out><![CDATA[2024-11-19T17:46:04.295-03:00  INFO 13396 --- [EnglishCourse] [           main] t.c.s.AnnotationConfigContextLoaderUtils : Could not detect default configuration classes for test class [com.EnglishCourse.DAO.AlunosDAOTest]: AlunosDAOTest does not declare any static, non-private, non-final, nested classes annotated with @Configuration.
2024-11-19T17:46:04.332-03:00  INFO 13396 --- [EnglishCourse] [           main] .b.t.c.SpringBootTestContextBootstrapper : Found @SpringBootConfiguration com.EnglishCourse.EnglishCourseApplication for test class com.EnglishCourse.DAO.AlunosDAOTest
2024-11-19T17:46:04.340-03:00  INFO 13396 --- [EnglishCourse] [           main] o.s.b.d.r.RestartApplicationListener     : Restart disabled due to context in which it is running

  .   ____          _            __ _ _
 /\\ / ___'_ __ _ _(_)_ __  __ _ \ \ \ \
( ( )\___ | '_ | '_| | '_ \/ _` | \ \ \ \
 \\/  ___)| |_)| | | | | || (_| |  ) ) ) )
  '  |____| .__|_| |_|_| |_\__, | / / / /
 =========|_|==============|___/=/_/_/_/
 :: Spring Boot ::                (v3.2.5)

2024-11-19T17:46:04.393-03:00  INFO 13396 --- [EnglishCourse] [           main] com.EnglishCourse.DAO.AlunosDAOTest      : Starting AlunosDAOTest using Java 22.0.2 with PID 13396 (started by Daniel Faria in C:\Users\Daniel Faria\OneDrive\Desktop\Daniel\lyrics projeto\EnglishCourse)
2024-11-19T17:46:04.394-03:00  INFO 13396 --- [EnglishCourse] [           main] com.EnglishCourse.DAO.AlunosDAOTest      : The following 1 profile is active: "test"
2024-11-19T17:46:04.631-03:00  INFO 13396 --- [EnglishCourse] [           main] .s.d.r.c.RepositoryConfigurationDelegate : Multiple Spring Data modules found, entering strict repository configuration mode
2024-11-19T17:46:04.634-03:00  INFO 13396 --- [EnglishCourse] [           main] .s.d.r.c.RepositoryConfigurationDelegate : Bootstrapping Spring Data JPA repositories in DEFAULT mode.
2024-11-19T17:46:04.717-03:00  INFO 13396 --- [EnglishCourse] [           main] .s.d.r.c.RepositoryConfigurationDelegate : Finished Spring Data repository scanning in 73 ms. Found 6 JPA repository interfaces.
2024-11-19T17:46:04.765-03:00  INFO 13396 --- [EnglishCourse] [           main] beddedDataSourceBeanFactoryPostProcessor : Replacing 'dataSource' DataSource bean with embedded version
2024-11-19T17:46:04.813-03:00  INFO 13396 --- [EnglishCourse] [           main] o.s.j.d.e.EmbeddedDatabaseFactory        : Starting embedded database: url='jdbc:h2:mem:61f8d216-389e-4ffa-b348-35e1291f2a5d;DB_CLOSE_DELAY=-1;DB_CLOSE_ON_EXIT=false', username='sa'
2024-11-19T17:46:05.151-03:00  INFO 13396 --- [EnglishCourse] [           main] o.hibernate.jpa.internal.util.LogHelper  : HHH000204: Processing PersistenceUnitInfo [name: default]
2024-11-19T17:46:05.224-03:00  INFO 13396 --- [EnglishCourse] [           main] org.hibernate.Version                    : HHH000412: Hibernate ORM core version 6.4.4.Final
2024-11-19T17:46:05.262-03:00  INFO 13396 --- [EnglishCourse] [           main] o.h.c.internal.RegionFactoryInitiator    : HHH000026: Second-level cache disabled
2024-11-19T17:46:05.369-03:00  INFO 13396 --- [EnglishCourse] [           main] o.s.o.j.p.SpringPersistenceUnitInfo      : No LoadTimeWeaver setup: ignoring JPA class transformer
2024-11-19T17:46:05.415-03:00  WARN 13396 --- [EnglishCourse] [           main] org.hibernate.orm.deprecation            : HHH90000025: H2Dialect does not need to be specified explicitly using 'hibernate.dialect' (remove the property setting and it will be selected by default)
2024-11-19T17:46:06.188-03:00  INFO 13396 --- [EnglishCourse] [           main] o.h.e.t.j.p.i.JtaPlatformInitiator       : HHH000489: No JTA platform available (set 'hibernate.transaction.jta.platform' to enable JTA platform integration)
Hibernate: drop table if exists tbl_alunos cascade 
Hibernate: drop table if exists tbl_endereco cascade 
Hibernate: drop table if exists tbl_horarios cascade 
Hibernate: drop table if exists tbl_profs cascade 
Hibernate: drop table if exists tbl_responsaveis cascade 
Hibernate: drop table if exists tbl_turmas cascade 
Hibernate: create table tbl_alunos (data_de_nascimento date not null, id_aluno_matricula integer generated by default as identity, id_endereco integer, id_responsavel integer, id_turma integer, status varchar(10) not null check (status in ('ATIVADO','DESATIVADO')), whatsapp varchar(13) not null, modulo_feito varchar(24) not null check (modulo_feito in ('nenhum','beginners_1','beginners_2','elementary_1','elementary_2','pre_intermediate_1','pre_intermediate_2','pre_intermediate_plus_1','pre_intermediate_plus_2','intermediate_1','intermediate_2','pre_advanced_1','pre_advanced_2','advanced_1','advanced_2','advanced_plus_1','advanced_plus_2')), nivel varchar(24) not null check (nivel in ('nenhum','beginners_1','beginners_2','elementary_1','elementary_2','pre_intermediate_1','pre_intermediate_2','pre_intermediate_plus_1','pre_intermediate_plus_2','intermediate_1','intermediate_2','pre_advanced_1','pre_advanced_2','advanced_1','advanced_2','advanced_plus_1','advanced_plus_2')), cpf varchar(40) not null unique, email varchar(40) not null, formacao varchar(255) not null, nome varchar(255) not null, profissao varchar(255) not null, primary key (id_aluno_matricula))
Hibernate: create table tbl_endereco (id_endereco integer generated by default as identity, bairro varchar(255), cep varchar(255), cidade varchar(255), complemento varchar(255), estado varchar(255), logradouro varchar(255), numero varchar(255), primary key (id_endereco))
Hibernate: create table tbl_horarios (horario_fim time(6) not null, horario_inicio time(6) not null, id_horario integer generated by default as identity, id_turma integer not null, dia_semana varchar(10) not null check (dia_semana in ('SEGUNDA','TERCA','QUARTA','QUINTA','SEXTA','SABADO','DOMINGO')), primary key (id_horario))
Hibernate: create table tbl_profs (id_endereco integer, id_professor integer generated by default as identity, roles tinyint check (roles between 0 and 1), whatsapp varchar(13) not null, password varchar(20) not null, cpf varchar(40) not null unique, email varchar(40) not null, login varchar(40) not null unique, nome varchar(255) not null, primary key (id_professor))
Hibernate: create table tbl_responsaveis (data_de_nascimento date not null, id_endereco integer, id_responsavel integer generated by default as identity, whatsapp varchar(13) not null, cpf varchar(40) not null unique, email varchar(40) not null, formacao varchar(255) not null, nome varchar(255) not null, profissao varchar(255) not null, primary key (id_responsavel))
Hibernate: create table tbl_turmas (id_professor integer not null, id_turma integer generated by default as identity, nome_turma varchar(255) not null, primary key (id_turma))
Hibernate: alter table if exists tbl_alunos add constraint FKj2um56xnnqlyjqtlfsngoywsm foreign key (id_endereco) references tbl_endereco
Hibernate: alter table if exists tbl_alunos add constraint FKhc2gdpwo5fn34f4jmp5oi47w2 foreign key (id_responsavel) references tbl_responsaveis
Hibernate: alter table if exists tbl_alunos add constraint FKftrfrc0txdmd7f84tbpsy7x4c foreign key (id_turma) references tbl_turmas
Hibernate: alter table if exists tbl_horarios add constraint FKs083v8qn1pbsm5ydg610gqtfg foreign key (id_turma) references tbl_turmas
Hibernate: alter table if exists tbl_profs add constraint FKkatfdm2q6j6l57l9st451jqv foreign key (id_endereco) references tbl_endereco
Hibernate: alter table if exists tbl_responsaveis add constraint FK4uc57byoodjn0t8nv4yan8bfe foreign key (id_endereco) references tbl_endereco
Hibernate: alter table if exists tbl_turmas add constraint FK57hni7710ghvc2hqfekukqaj1 foreign key (id_professor) references tbl_profs
2024-11-19T17:46:06.247-03:00  INFO 13396 --- [EnglishCourse] [           main] j.LocalContainerEntityManagerFactoryBean : Initialized JPA EntityManagerFactory for persistence unit 'default'
2024-11-19T17:46:06.695-03:00  INFO 13396 --- [EnglishCourse] [           main] com.EnglishCourse.DAO.AlunosDAOTest      : Started AlunosDAOTest in 2.354 seconds (process running for 5.9)
Hibernate: insert into tbl_endereco (bairro,cep,cidade,complemento,estado,logradouro,numero,id_endereco) values (?,?,?,?,?,?,?,default)
Hibernate: insert into tbl_responsaveis (cpf,data_de_nascimento,email,id_endereco,formacao,nome,profissao,whatsapp,id_responsavel) values (?,?,?,?,?,?,?,?,default)
Hibernate: insert into tbl_alunos (cpf,data_de_nascimento,email,id_endereco,formacao,modulo_feito,nivel,nome,profissao,id_responsavel,status,id_turma,whatsapp,id_aluno_matricula) values (?,?,?,?,?,?,?,?,?,?,?,?,?,default)
Hibernate: select a1_0.id_aluno_matricula from tbl_alunos a1_0 where a1_0.cpf=? fetch first ? rows only
]]></system-out>
  </testcase>
  <testcase name="existsByCpfCase2" classname="com.EnglishCourse.DAO.AlunosDAOTest" time="0.006">
    <system-out><![CDATA[Hibernate: select a1_0.id_aluno_matricula from tbl_alunos a1_0 where a1_0.cpf=? fetch first ? rows only
]]></system-out>
  </testcase>
  <testcase name="findByTurmaIdTurmaCase1" classname="com.EnglishCourse.DAO.AlunosDAOTest" time="0.044">
    <system-out><![CDATA[Hibernate: insert into tbl_endereco (bairro,cep,cidade,complemento,estado,logradouro,numero,id_endereco) values (?,?,?,?,?,?,?,default)
Hibernate: insert into tbl_responsaveis (cpf,data_de_nascimento,email,id_endereco,formacao,nome,profissao,whatsapp,id_responsavel) values (?,?,?,?,?,?,?,?,default)
Hibernate: insert into tbl_endereco (bairro,cep,cidade,complemento,estado,logradouro,numero,id_endereco) values (?,?,?,?,?,?,?,default)
Hibernate: insert into tbl_profs (cpf,email,id_endereco,login,nome,password,roles,whatsapp,id_professor) values (?,?,?,?,?,?,?,?,default)
Hibernate: insert into tbl_turmas (nome_turma,id_professor,id_turma) values (?,?,default)
Hibernate: insert into tbl_alunos (cpf,data_de_nascimento,email,id_endereco,formacao,modulo_feito,nivel,nome,profissao,id_responsavel,status,id_turma,whatsapp,id_aluno_matricula) values (?,?,?,?,?,?,?,?,?,?,?,?,?,default)
Hibernate: insert into tbl_alunos (cpf,data_de_nascimento,email,id_endereco,formacao,modulo_feito,nivel,nome,profissao,id_responsavel,status,id_turma,whatsapp,id_aluno_matricula) values (?,?,?,?,?,?,?,?,?,?,?,?,?,default)
Hibernate: insert into tbl_alunos (cpf,data_de_nascimento,email,id_endereco,formacao,modulo_feito,nivel,nome,profissao,id_responsavel,status,id_turma,whatsapp,id_aluno_matricula) values (?,?,?,?,?,?,?,?,?,?,?,?,?,default)
Hibernate: insert into tbl_alunos (cpf,data_de_nascimento,email,id_endereco,formacao,modulo_feito,nivel,nome,profissao,id_responsavel,status,id_turma,whatsapp,id_aluno_matricula) values (?,?,?,?,?,?,?,?,?,?,?,?,?,default)
Hibernate: insert into tbl_alunos (cpf,data_de_nascimento,email,id_endereco,formacao,modulo_feito,nivel,nome,profissao,id_responsavel,status,id_turma,whatsapp,id_aluno_matricula) values (?,?,?,?,?,?,?,?,?,?,?,?,?,default)
Hibernate: select a1_0.id_aluno_matricula,a1_0.cpf,a1_0.data_de_nascimento,a1_0.email,a1_0.id_endereco,a1_0.formacao,a1_0.modulo_feito,a1_0.nivel,a1_0.nome,a1_0.profissao,a1_0.id_responsavel,a1_0.status,a1_0.id_turma,a1_0.whatsapp from tbl_alunos a1_0 left join tbl_turmas t1_0 on t1_0.id_turma=a1_0.id_turma where t1_0.id_turma=?
]]></system-out>
  </testcase>
  <testcase name="findByTurmaIdTurmaCase2" classname="com.EnglishCourse.DAO.AlunosDAOTest" time="0.006">
    <system-out><![CDATA[Hibernate: select a1_0.id_aluno_matricula,a1_0.cpf,a1_0.data_de_nascimento,a1_0.email,a1_0.id_endereco,a1_0.formacao,a1_0.modulo_feito,a1_0.nivel,a1_0.nome,a1_0.profissao,a1_0.id_responsavel,a1_0.status,a1_0.id_turma,a1_0.whatsapp from tbl_alunos a1_0 left join tbl_turmas t1_0 on t1_0.id_turma=a1_0.id_turma where t1_0.id_turma=?
]]></system-out>
  </testcase>
</testsuite>